C:\USERS\STUDENT\DESKTOP\GNORDSWORLD\DEBUG\FIELD.CPP.NATIVECODEANALYSIS.XML
C:\USERS\STUDENT\DESKTOP\GNORDSWORLD\DEBUG\FIELD.OBJ
C:\USERS\STUDENT\DESKTOP\GNORDSWORLD\DEBUG\VC110.PDB
C:\USERS\STUDENT\DESKTOP\GNORDSWORLD\DEBUG\FIELDBACK.CPP.NATIVECODEANALYSIS.XML
C:\USERS\STUDENT\DESKTOP\GNORDSWORLD\DEBUG\FIELDBACK.OBJ
C:\USERS\STUDENT\DESKTOP\GNORDSWORLD\DEBUG\FIELDBACKEARTH.CPP.NATIVECODEANALYSIS.XML
C:\USERS\STUDENT\DESKTOP\GNORDSWORLD\DEBUG\FIELDBACKEARTH.OBJ
C:\USERS\STUDENT\DESKTOP\GNORDSWORLD\DEBUG\FIELDBACKCOAL.CPP.NATIVECODEANALYSIS.XML
C:\USERS\STUDENT\DESKTOP\GNORDSWORLD\DEBUG\FIELDBACKCOAL.OBJ
C:\USERS\STUDENT\DESKTOP\GNORDSWORLD\DEBUG\FIELDBACKCOPPER.CPP.NATIVECODEANALYSIS.XML
C:\USERS\STUDENT\DESKTOP\GNORDSWORLD\DEBUG\FIELDBACKCOPPER.OBJ
C:\USERS\STUDENT\DESKTOP\GNORDSWORLD\DEBUG\FIELDBACKSTONE.CPP.NATIVECODEANALYSIS.XML
C:\USERS\STUDENT\DESKTOP\GNORDSWORLD\DEBUG\FIELDBACKSTONE.OBJ
C:\USERS\STUDENT\DESKTOP\GNORDSWORLD\DEBUG\FIELDBACKSILVER.CPP.NATIVECODEANALYSIS.XML
C:\USERS\STUDENT\DESKTOP\GNORDSWORLD\DEBUG\FIELDBACKSILVER.OBJ
C:\USERS\STUDENT\DESKTOP\GNORDSWORLD\DEBUG\FIELDBACKIRON.CPP.NATIVECODEANALYSIS.XML
C:\USERS\STUDENT\DESKTOP\GNORDSWORLD\DEBUG\FIELDBACKIRON.OBJ
C:\USERS\STUDENT\DESKTOP\GNORDSWORLD\DEBUG\FIELDBACKGRASS.CPP.NATIVECODEANALYSIS.XML
C:\USERS\STUDENT\DESKTOP\GNORDSWORLD\DEBUG\FIELDBACKGRASS.OBJ
C:\USERS\STUDENT\DESKTOP\GNORDSWORLD\DEBUG\FIELDFRONT.CPP.NATIVECODEANALYSIS.XML
C:\USERS\STUDENT\DESKTOP\GNORDSWORLD\DEBUG\FIELDFRONT.OBJ
C:\USERS\STUDENT\DESKTOP\GNORDSWORLD\DEBUG\MAIN.CPP.NATIVECODEANALYSIS.XML
C:\USERS\STUDENT\DESKTOP\GNORDSWORLD\DEBUG\MAIN.OBJ
C:\USERS\STUDENT\DESKTOP\GNORDSWORLD\DEBUG\PLAYER.CPP.NATIVECODEANALYSIS.XML
C:\USERS\STUDENT\DESKTOP\GNORDSWORLD\DEBUG\PLAYER.OBJ
C:\USERS\STUDENT\DESKTOP\GNORDSWORLD\DEBUG\RECT.CPP.NATIVECODEANALYSIS.XML
C:\USERS\STUDENT\DESKTOP\GNORDSWORLD\DEBUG\RECT.OBJ
C:\USERS\STUDENT\DESKTOP\GNORDSWORLD\DEBUG\VECTOR2.CPP.NATIVECODEANALYSIS.XML
C:\USERS\STUDENT\DESKTOP\GNORDSWORLD\DEBUG\VECTOR2.OBJ
C:\USERS\STUDENT\DESKTOP\GNORDSWORLD\DEBUG\WORLD.CPP.NATIVECODEANALYSIS.XML
C:\USERS\STUDENT\DESKTOP\GNORDSWORLD\DEBUG\WORLD.OBJ
C:\USERS\STUDENT\DESKTOP\GNORDSWORLD\DEBUG\SDL_BASICS.ILK
C:\USERS\STUDENT\DESKTOP\GNORDSWORLD\DEBUG\SDL_BASICS.EXE
C:\USERS\STUDENT\DESKTOP\GNORDSWORLD\DEBUG\SDL_BASICS.PDB
C:\Users\Student\Desktop\GnordsWorld\Debug\Field.obj
C:\Users\Student\Desktop\GnordsWorld\Debug\FieldBack.obj
C:\Users\Student\Desktop\GnordsWorld\Debug\FieldBackCoal.obj
C:\Users\Student\Desktop\GnordsWorld\Debug\FieldBackCopper.obj
C:\Users\Student\Desktop\GnordsWorld\Debug\FieldBackEarth.obj
C:\Users\Student\Desktop\GnordsWorld\Debug\FieldBackGrass.obj
C:\Users\Student\Desktop\GnordsWorld\Debug\FieldBackIron.obj
C:\Users\Student\Desktop\GnordsWorld\Debug\FieldBackSilver.obj
C:\Users\Student\Desktop\GnordsWorld\Debug\FieldBackStone.obj
C:\Users\Student\Desktop\GnordsWorld\Debug\FieldFront.obj
C:\Users\Student\Desktop\GnordsWorld\Debug\main.obj
C:\Users\Student\Desktop\GnordsWorld\Debug\Player.obj
C:\Users\Student\Desktop\GnordsWorld\Debug\Rect.obj
C:\Users\Student\Desktop\GnordsWorld\Debug\Vector2.obj
C:\Users\Student\Desktop\GnordsWorld\Debug\World.obj
C:\Users\Student\Desktop\GnordsWorld\Debug\SDL_basics.ilk
C:\Users\Student\Desktop\GnordsWorld\Debug\cl.command.1.tlog
C:\Users\Student\Desktop\GnordsWorld\Debug\CL.read.1.tlog
C:\Users\Student\Desktop\GnordsWorld\Debug\CL.write.1.tlog
C:\Users\Student\Desktop\GnordsWorld\Debug\link-cvtres.read.1.tlog
C:\Users\Student\Desktop\GnordsWorld\Debug\link-cvtres.write.1.tlog
C:\Users\Student\Desktop\GnordsWorld\Debug\link-rc.read.1.tlog
C:\Users\Student\Desktop\GnordsWorld\Debug\link-rc.write.1.tlog
C:\Users\Student\Desktop\GnordsWorld\Debug\link.command.1.tlog
C:\Users\Student\Desktop\GnordsWorld\Debug\link.read.1.tlog
C:\Users\Student\Desktop\GnordsWorld\Debug\link.write.1.tlog
C:\Users\Student\Desktop\GnordsWorld\Debug\NativeCodeAnalysis.read.1.tlog
C:\Users\Student\Desktop\GnordsWorld\Debug\vc110.idb
C:\Users\Student\Desktop\GnordsWorld\Debug\SDL_basics.pdb
C:\Users\Student\Desktop\GnordsWorld\Debug\vc110.pdb
C:\Users\Student\Desktop\GnordsWorld\Debug\Field.cpp.nativecodeanalysis.xml
C:\Users\Student\Desktop\GnordsWorld\Debug\FieldBack.cpp.nativecodeanalysis.xml
C:\Users\Student\Desktop\GnordsWorld\Debug\FieldBackCoal.cpp.nativecodeanalysis.xml
C:\Users\Student\Desktop\GnordsWorld\Debug\FieldBackCopper.cpp.nativecodeanalysis.xml
C:\Users\Student\Desktop\GnordsWorld\Debug\FieldBackEarth.cpp.nativecodeanalysis.xml
C:\Users\Student\Desktop\GnordsWorld\Debug\FieldBackGrass.cpp.nativecodeanalysis.xml
C:\Users\Student\Desktop\GnordsWorld\Debug\FieldBackIron.cpp.nativecodeanalysis.xml
C:\Users\Student\Desktop\GnordsWorld\Debug\FieldBackSilver.cpp.nativecodeanalysis.xml
C:\Users\Student\Desktop\GnordsWorld\Debug\FieldBackStone.cpp.nativecodeanalysis.xml
C:\Users\Student\Desktop\GnordsWorld\Debug\FieldFront.cpp.nativecodeanalysis.xml
C:\Users\Student\Desktop\GnordsWorld\Debug\main.cpp.nativecodeanalysis.xml
C:\Users\Student\Desktop\GnordsWorld\Debug\Player.cpp.nativecodeanalysis.xml
C:\Users\Student\Desktop\GnordsWorld\Debug\Rect.cpp.nativecodeanalysis.xml
C:\Users\Student\Desktop\GnordsWorld\Debug\vc.nativecodeanalysis.all.xml
C:\Users\Student\Desktop\GnordsWorld\Debug\Vector2.cpp.nativecodeanalysis.xml
C:\Users\Student\Desktop\GnordsWorld\Debug\World.cpp.nativecodeanalysis.xml
C:\Users\Student\Desktop\GnordsWorld\Debug\SDL_basics.exe
C:\Users\Student\Desktop\GnordsWorld\Debug\SDL_basics.exe.lastcodeanalysissucceeded
