Der Buildvorgang wurde am 19.08.2013 20:43:52 gestartet.
     1>Projekt "C:\Users\Student\Desktop\Project2D\SDL_basics.vcxproj" auf Knoten "2", Build Ziel(e).
     1>ClCompile:
         C:\Program Files (x86)\Microsoft Visual Studio 11.0\VC\bin\CL.exe /c /ZI /nologo /W3 /WX- /Od /Oy- /D _MBCS /Gm /EHsc /RTC1 /MDd /GS /fp:precise /Zc:wchar_t /Zc:forScope /Fo"Debug\\" /Fd"Debug\vc110.pdb" /Gd /TP /analyze- /errorReport:prompt Field.cpp
         Field.cpp
       Link:
         C:\Program Files (x86)\Microsoft Visual Studio 11.0\VC\bin\link.exe /ERRORREPORT:PROMPT /OUT:"C:\Users\Student\Desktop\Project2D\Debug\SDL_basics.exe" /INCREMENTAL /NOLOGO SDLmain.lib SDL.lib SDL_image.lib SDL_mixer.lib SDL_ttf.lib kernel32.lib user32.lib gdi32.lib winspool.lib comdlg32.lib advapi32.lib shell32.lib ole32.lib oleaut32.lib uuid.lib odbc32.lib odbccp32.lib /MANIFEST /MANIFESTUAC:"level='asInvoker' uiAccess='false'" /manifest:embed /DEBUG /PDB:"C:\Users\Student\Desktop\Project2D\Debug\SDL_basics.pdb" /SUBSYSTEM:WINDOWS /TLBID:1 /DYNAMICBASE /NXCOMPAT /IMPLIB:"C:\Users\Student\Desktop\Project2D\Debug\SDL_basics.lib" /MACHINE:X86 Debug\CreatureStates.obj
         Debug\Field.obj
         Debug\FieldBack.obj
         Debug\FieldBackEarth.obj
         Debug\FieldBackGrass.obj
         Debug\FieldFront.obj
         Debug\main.obj
         Debug\Player.obj
         Debug\Rect.obj
         Debug\Vector2.obj
         Debug\World.obj
         SDL_basics.vcxproj -> C:\Users\Student\Desktop\Project2D\Debug\SDL_basics.exe
     1>Die Erstellung des Projekts "C:\Users\Student\Desktop\Project2D\SDL_basics.vcxproj" ist abgeschlossen, Build Ziel(e).

Build erfolgreich.

Verstrichene Zeit 00:00:01.44
