Build started 28.08.2013 17:25:08.
     1>Project "C:\Users\Student\Desktop\GnordsWorld\SDL_basics.vcxproj" on node 2 (Build target(s)).
     1>InitializeBuildStatus:
         Creating "Release\SDL_basics.unsuccessfulbuild" because "AlwaysCreate" was specified.
       ClCompile:
         C:\Program Files (x86)\Microsoft Visual Studio 11.0\VC\bin\CL.exe /c /Zi /nologo /W3 /WX- /O2 /Oi /Oy- /GL /D _MBCS /Gm- /EHsc /MD /GS /Gy /fp:precise /Zc:wchar_t /Zc:forScope /Fo"Release\\" /Fd"Release\vc110.pdb" /Gd /TP /analyze- /errorReport:prompt main.cpp
         main.cpp
       Link:
         C:\Program Files (x86)\Microsoft Visual Studio 11.0\VC\bin\link.exe /ERRORREPORT:PROMPT /OUT:"C:\Users\Student\Desktop\GnordsWorld\Release\SDL_basics.exe" /NOLOGO SDLmain.lib SDL.lib SDL_image.lib SDL_mixer.lib SDL_ttf.lib kernel32.lib user32.lib gdi32.lib winspool.lib comdlg32.lib advapi32.lib shell32.lib ole32.lib oleaut32.lib uuid.lib odbc32.lib odbccp32.lib /MANIFEST /MANIFESTUAC:"level='asInvoker' uiAccess='false'" /manifest:embed /DEBUG /PDB:"C:\Users\Student\Desktop\GnordsWorld\Release\SDL_basics.pdb" /SUBSYSTEM:WINDOWS /OPT:REF /OPT:ICF /LTCG /TLBID:1 /ENTRY:"WinMainCRTStartup" /DYNAMICBASE /NXCOMPAT /IMPLIB:"C:\Users\Student\Desktop\GnordsWorld\Release\SDL_basics.lib" /MACHINE:X86 /SAFESEH Release\Field.obj
         Release\FieldBack.obj
         Release\FieldBackEarth.obj
         Release\FieldBackCoal.obj
         Release\FieldBackCopper.obj
         Release\FieldBackStone.obj
         Release\FieldBackSilver.obj
         Release\FieldBackIron.obj
         Release\FieldBackGrass.obj
         Release\FieldFront.obj
         Release\main.obj
         Release\Player.obj
         Release\Rect.obj
         Release\Vector2.obj
         Release\World.obj
         Generating code
         Finished generating code
         SDL_basics.vcxproj -> C:\Users\Student\Desktop\GnordsWorld\Release\SDL_basics.exe
       FinalizeBuildStatus:
         Deleting file "Release\SDL_basics.unsuccessfulbuild".
         Touching "Release\SDL_basics.lastbuildstate".
     1>Done Building Project "C:\Users\Student\Desktop\GnordsWorld\SDL_basics.vcxproj" (Build target(s)).

Build succeeded.

Time Elapsed 00:00:02.08
