C:\USERS\STUDENT\DESKTOP\GNORDSWORLD\RELEASE\VECTOR2.OBJ
C:\USERS\STUDENT\DESKTOP\GNORDSWORLD\RELEASE\WORLD.OBJ
C:\USERS\STUDENT\DESKTOP\GNORDSWORLD\RELEASE\RECT.OBJ
C:\USERS\STUDENT\DESKTOP\GNORDSWORLD\RELEASE\PLAYER.OBJ
C:\USERS\STUDENT\DESKTOP\GNORDSWORLD\RELEASE\MAIN.OBJ
C:\USERS\STUDENT\DESKTOP\GNORDSWORLD\RELEASE\FIELDFRONT.OBJ
C:\USERS\STUDENT\DESKTOP\GNORDSWORLD\RELEASE\FIELDBACKGRASS.OBJ
C:\USERS\STUDENT\DESKTOP\GNORDSWORLD\RELEASE\FIELDBACKIRON.OBJ
C:\USERS\STUDENT\DESKTOP\GNORDSWORLD\RELEASE\FIELDBACKSILVER.OBJ
C:\USERS\STUDENT\DESKTOP\GNORDSWORLD\RELEASE\FIELDBACKSTONE.OBJ
C:\USERS\STUDENT\DESKTOP\GNORDSWORLD\RELEASE\FIELDBACKCOPPER.OBJ
C:\USERS\STUDENT\DESKTOP\GNORDSWORLD\RELEASE\FIELDBACKCOAL.OBJ
C:\USERS\STUDENT\DESKTOP\GNORDSWORLD\RELEASE\FIELDBACKEARTH.OBJ
C:\USERS\STUDENT\DESKTOP\GNORDSWORLD\RELEASE\FIELDBACK.OBJ
C:\USERS\STUDENT\DESKTOP\GNORDSWORLD\RELEASE\FIELD.OBJ
C:\USERS\STUDENT\DESKTOP\GNORDSWORLD\RELEASE\VC110.PDB
C:\USERS\STUDENT\DESKTOP\GNORDSWORLD\RELEASE\PARALAX.OBJ
C:\USERS\STUDENT\DESKTOP\GNORDSWORLD\RELEASE\INVENTORY.OBJ
C:\USERS\STUDENT\DESKTOP\GNORDSWORLD\RELEASE\FISTS.OBJ
C:\USERS\STUDENT\DESKTOP\GNORDSWORLD\RELEASE\INVENTORYOBJECT.OBJ
C:\USERS\STUDENT\DESKTOP\GNORDSWORLD\RELEASE\INVENTORYEARTH.OBJ
C:\USERS\STUDENT\DESKTOP\GNORDSWORLD\RELEASE\SDL_BASICS.EXE
C:\USERS\STUDENT\DESKTOP\GNORDSWORLD\RELEASE\SDL_BASICS.PDB
C:\Users\Student\Desktop\GnordsWorld\Release\Field.obj
C:\Users\Student\Desktop\GnordsWorld\Release\FieldBack.obj
C:\Users\Student\Desktop\GnordsWorld\Release\FieldBackCoal.obj
C:\Users\Student\Desktop\GnordsWorld\Release\FieldBackCopper.obj
C:\Users\Student\Desktop\GnordsWorld\Release\FieldBackEarth.obj
C:\Users\Student\Desktop\GnordsWorld\Release\FieldBackGrass.obj
C:\Users\Student\Desktop\GnordsWorld\Release\FieldBackIron.obj
C:\Users\Student\Desktop\GnordsWorld\Release\FieldBackSilver.obj
C:\Users\Student\Desktop\GnordsWorld\Release\FieldBackStone.obj
C:\Users\Student\Desktop\GnordsWorld\Release\FieldFront.obj
C:\Users\Student\Desktop\GnordsWorld\Release\Fists.obj
C:\Users\Student\Desktop\GnordsWorld\Release\Inventory.obj
C:\Users\Student\Desktop\GnordsWorld\Release\InventoryEarth.obj
C:\Users\Student\Desktop\GnordsWorld\Release\InventoryObject.obj
C:\Users\Student\Desktop\GnordsWorld\Release\main.obj
C:\Users\Student\Desktop\GnordsWorld\Release\Paralax.obj
C:\Users\Student\Desktop\GnordsWorld\Release\Player.obj
C:\Users\Student\Desktop\GnordsWorld\Release\Rect.obj
C:\Users\Student\Desktop\GnordsWorld\Release\Vector2.obj
C:\Users\Student\Desktop\GnordsWorld\Release\World.obj
C:\Users\Student\Desktop\GnordsWorld\Release\cl.command.1.tlog
C:\Users\Student\Desktop\GnordsWorld\Release\CL.read.1.tlog
C:\Users\Student\Desktop\GnordsWorld\Release\CL.write.1.tlog
C:\Users\Student\Desktop\GnordsWorld\Release\link-cvtres.read.1.tlog
C:\Users\Student\Desktop\GnordsWorld\Release\link-cvtres.write.1.tlog
C:\Users\Student\Desktop\GnordsWorld\Release\link-rc.read.1.tlog
C:\Users\Student\Desktop\GnordsWorld\Release\link-rc.write.1.tlog
C:\Users\Student\Desktop\GnordsWorld\Release\link.command.1.tlog
C:\Users\Student\Desktop\GnordsWorld\Release\link.read.1.tlog
C:\Users\Student\Desktop\GnordsWorld\Release\link.read.3.tlog
C:\Users\Student\Desktop\GnordsWorld\Release\link.read.4.tlog
C:\Users\Student\Desktop\GnordsWorld\Release\link.read.5.tlog
C:\Users\Student\Desktop\GnordsWorld\Release\link.read.6.tlog
C:\Users\Student\Desktop\GnordsWorld\Release\link.write.1.tlog
C:\Users\Student\Desktop\GnordsWorld\Release\SDL_basics.pdb
C:\Users\Student\Desktop\GnordsWorld\Release\vc110.pdb
C:\Users\Student\Desktop\GnordsWorld\Release\SDL_basics.exe
